0 info it worked if it ends with ok
1 verbose cli [ '/usr/bin/node',
1 verbose cli   '/usr/bin/npm',
1 verbose cli   'install',
1 verbose cli   'gulp-ruby-sass',
1 verbose cli   'gulp-autoprefixer',
1 verbose cli   'gulp-minify-css',
1 verbose cli   'gulp-jshint',
1 verbose cli   'gulp-concat',
1 verbose cli   'gulp-uglify',
1 verbose cli   'gulp-imagemin',
1 verbose cli   'gulp-notify',
1 verbose cli   'gulp-rename',
1 verbose cli   'gulp-livereload',
1 verbose cli   'gulp-cache',
1 verbose cli   'del',
1 verbose cli   '--save-dev' ]
2 info using npm@1.4.28
3 info using node@v0.10.37
4 verbose node symlink /usr/bin/node
5 error Failed to parse json
5 error Unexpected end of input
6 error File: /home/al/github/gulp-file-include/package.json
7 error Failed to parse package.json data.
7 error package.json must be actual JSON, not just JavaScript.
7 error
7 error This is not a bug in npm.
7 error Tell the package author to fix their package.json file. JSON.parse
8 error System Linux 3.13.0-32-generic
9 error command "/usr/bin/node" "/usr/bin/npm" "install" "gulp-ruby-sass" "gulp-autoprefixer" "gulp-minify-css" "gulp-jshint" "gulp-concat" "gulp-uglify" "gulp-imagemin" "gulp-notify" "gulp-rename" "gulp-livereload" "gulp-cache" "del" "--save-dev"
10 error cwd /home/al/github/gulp-file-include/example
11 error node -v v0.10.37
12 error npm -v 1.4.28
13 error file /home/al/github/gulp-file-include/package.json
14 error code EJSONPARSE
15 verbose exit [ 1, true ]
